<?xml version="1.0" encoding="utf-8"?><testsuites name="pytest tests"><testsuite name="pytest" errors="0" failures="0" skipped="0" tests="8" time="1.418" timestamp="2026-06-28T18:30:47.904622+00:00" hostname="agent-env-606f1b26-00c9-48d0-8b7f-ee4be6dc1045"><testcase classname="tests.test_portfolio_api.TestContact" name="test_create_contact_and_persist" time="0.219" /><testcase classname="tests.test_portfolio_api.TestStatus" name="test_create_status" time="0.151" /><testcase classname="tests.test_portfolio_api.TestStatus" name="test_list_status" time="0.044" /><testcase classname="tests.test_portfolio_api" name="test_root" time="0.081" /><testcase classname="tests.test_portfolio_api.TestContact" name="test_invalid_email_rejected" time="0.048" /><testcase classname="tests.test_portfolio_api.TestContact" name="test_missing_required_fields" time="0.432" /><testcase classname="tests.test_portfolio_api.TestContact" name="test_empty_message_rejected" time="0.047" /><testcase classname="tests.test_portfolio_api.TestContact" name="test_no_mongo_objectid_in_response" time="0.044" /></testsuite></testsuites>